<?xml version="1.0" encoding="UTF-8"?>
<!-- Generated by org.testng.reporters.JUnitXMLReporter -->
<testsuite hostname="Vidhans-MacBook-Pro-2.local" name="Default test" tests="1" failures="0" timestamp="15 Jan 2017 13:01:35 GMT" time="0.069" errors="0">
  <testcase name="@BeforeClass beforeSetup" time="0.0" classname="com.testrunner.MailTest">
    <failure type="org.testng.TestNGException" message="
Parameter &amp;apos;Browser&amp;apos; is required by @Configuration on method beforeSetup but has not been marked @Optional or defined
in /private/var/folders/07/5jqxkmrd2ts66h3rm4tpv7lw0000gp/T/testng-eclipse-539785152/testng-customsuite.xml">
      <![CDATA[org.testng.TestNGException: 
Parameter 'Browser' is required by @Configuration on method beforeSetup but has not been marked @Optional or defined
in /private/var/folders/07/5jqxkmrd2ts66h3rm4tpv7lw0000gp/T/testng-eclipse-539785152/testng-customsuite.xml
	at org.testng.internal.Parameters.createParameters(Parameters.java:154)
	at org.testng.internal.Parameters.createParameters(Parameters.java:361)
	at org.testng.internal.Parameters.createConfigurationParameters(Parameters.java:84)
	at org.testng.internal.Invoker.invokeConfigurations(Invoker.java:201)
	at org.testng.internal.Invoker.invokeConfigurations(Invoker.java:142)
	at org.testng.internal.TestMethodWorker.invokeBeforeClassMethods(TestMethodWorker.java:178)
	at org.testng.internal.TestMethodWorker.run(TestMethodWorker.java:108)
	at org.testng.TestRunner.privateRun(TestRunner.java:782)
	at org.testng.TestRunner.run(TestRunner.java:632)
	at org.testng.SuiteRunner.runTest(SuiteRunner.java:366)
	at org.testng.SuiteRunner.runSequentially(SuiteRunner.java:361)
	at org.testng.SuiteRunner.privateRun(SuiteRunner.java:319)
	at org.testng.SuiteRunner.run(SuiteRunner.java:268)
	at org.testng.SuiteRunnerWorker.runSuite(SuiteRunnerWorker.java:52)
	at org.testng.SuiteRunnerWorker.run(SuiteRunnerWorker.java:86)
	at org.testng.TestNG.runSuitesSequentially(TestNG.java:1244)
	at org.testng.TestNG.runSuitesLocally(TestNG.java:1169)
	at org.testng.TestNG.run(TestNG.java:1064)
	at org.testng.remote.AbstractRemoteTestNG.run(AbstractRemoteTestNG.java:126)
	at org.testng.remote.RemoteTestNG.initAndRun(RemoteTestNG.java:152)
	at org.testng.remote.RemoteTestNG.main(RemoteTestNG.java:57)
]]>
    </failure>
  </testcase> <!-- @BeforeClass beforeSetup -->
  <testcase name="@AfterClass shutDown" time="0.0" classname="com.testrunner.MailTest">
    <skipped/>
  </testcase> <!-- @AfterClass shutDown -->
  <testcase name="composeButtonTest" time="0.007" classname="com.testrunner.MailTest">
    <skipped/>
  </testcase> <!-- composeButtonTest -->
</testsuite> <!-- Default test -->
